<?xml version='1.0' encoding='UTF-8'?>
<testsuite hostname="rkewley-scalaga-4171394" name="ga.MigrateSpec" tests="1" errors="0" failures="0" time="0.137">
                     <properties>
[...]
</properties>
                     <testcase classname="ga.MigrateSpec" name="A migrater should transfer population members to adjacent populations" time="0.137">
                                                 
                                               </testcase>
                     <system-out></system-out>
                     <system-err></system-err>
                   </testsuite>