# JRE version: Java(TM) SE Runtime Environment (8.0_111-b14) (build 1.8.0_111-b14)
# Java VM: Java HotSpot(TM) 64-Bit Server VM (25.111-b14 mixed mode linux-amd64 compressed oops)
Heap:
 PSYoungGen      total 305664K, used 235294K [0x00000000eab00000, 0x0000000100000000, 0x0000000100000000)
  eden space 262144K, 89% used [0x00000000eab00000,0x00000000f90c7bc0,0x00000000fab00000)
  from space 43520K, 0% used [0x00000000fd580000,0x00000000fd580000,0x0000000100000000)
  to   space 43520K, 0% used [0x00000000fab00000,0x00000000fab00000,0x00000000fd580000)
 ParOldGen       total 699392K, used 42520K [0x00000000c0000000, 0x00000000eab00000, 0x00000000eab00000)
  object space 699392K, 6% used [0x00000000c0000000,0x00000000c29863c0,0x00000000eab00000)
 Metaspace       used 50735K, capacity 51242K, committed 51496K, reserved 1091584K
  class space    used 9490K, capacity 9657K, committed 9776K, reserved 1048576K
GC Heap History (8 events):
Event: 2.158 GC heap before
{Heap before GC invocations=1 (full 0):
 PSYoungGen      total 305664K, used 99681K [0x00000000eab00000, 0x0000000100000000, 0x0000000100000000)
  eden space 262144K, 38% used [0x00000000eab00000,0x00000000f0c58490,0x00000000fab00000)
  from space 43520K, 0% used [0x00000000fd580000,0x00000000fd580000,0x0000000100000000)
  to   space 43520K, 0% used [0x00000000fab00000,0x00000000fab00000,0x00000000fd580000)
 ParOldGen       total 699392K, used 0K [0x00000000c0000000, 0x00000000eab00000, 0x00000000eab00000)
  object space 699392K, 0% used [0x00000000c0000000,0x00000000c0000000,0x00000000eab00000)
 Metaspace       used 20776K, capacity 21194K, committed 21296K, reserved 1067008K
  class space    used 3442K, capacity 3588K, committed 3632K, reserved 1048576K
Event: 2.170 GC heap after
Heap after GC invocations=1 (full 0):
 PSYoungGen      total 305664K, used 16125K [0x00000000eab00000, 0x0000000100000000, 0x0000000100000000)
  eden space 262144K, 0% used [0x00000000eab00000,0x00000000eab00000,0x00000000fab00000)
  from space 43520K, 37% used [0x00000000fab00000,0x00000000fbabf6f8,0x00000000fd580000)
  to   space 43520K, 0% used [0x00000000fd580000,0x00000000fd580000,0x0000000100000000)
 ParOldGen       total 699392K, used 16K [0x00000000c0000000, 0x00000000eab00000, 0x00000000eab00000)
  object space 699392K, 0% used [0x00000000c0000000,0x00000000c0004000,0x00000000eab00000)
 Metaspace       used 20776K, capacity 21194K, committed 21296K, reserved 1067008K
  class space    used 3442K, capacity 3588K, committed 3632K, reserved 1048576K
}
Event: 2.170 GC heap before
{Heap before GC invocations=2 (full 1):
 PSYoungGen      total 305664K, used 16125K [0x00000000eab00000, 0x0000000100000000, 0x0000000100000000)
  eden space 262144K, 0% used [0x00000000eab00000,0x00000000eab00000,0x00000000fab00000)
  from space 43520K, 37% used [0x00000000fab00000,0x00000000fbabf6f8,0x00000000fd580000)
  to   space 43520K, 0% used [0x00000000fd580000,0x00000000fd580000,0x0000000100000000)
 ParOldGen       total 699392K, used 16K [0x00000000c0000000, 0x00000000eab00000, 0x00000000eab00000)
  object space 699392K, 0% used [0x00000000c0000000,0x00000000c0004000,0x00000000eab00000)
 Metaspace       used 20776K, capacity 21194K, committed 21296K, reserved 1067008K
  class space    used 3442K, capacity 3588K, committed 3632K, reserved 1048576K
Event: 2.189 GC heap after
Heap after GC invocations=2 (full 1):
 PSYoungGen      total 305664K, used 0K [0x00000000eab00000, 0x0000000100000000, 0x0000000100000000)
  eden space 262144K, 0% used [0x00000000eab00000,0x00000000eab00000,0x00000000fab00000)
  from space 43520K, 0% used [0x00000000fab00000,0x00000000fab00000,0x00000000fd580000)
  to   space 43520K, 0% used [0x00000000fd580000,0x00000000fd580000,0x0000000100000000)
 ParOldGen       total 699392K, used 15214K [0x00000000c0000000, 0x00000000eab00000, 0x00000000eab00000)
  object space 699392K, 2% used [0x00000000c0000000,0x00000000c0edb8f8,0x00000000eab00000)
 Metaspace       used 20776K, capacity 21194K, committed 21296K, reserved 1067008K
  class space    used 3442K, capacity 3588K, committed 3632K, reserved 1048576K
}
Event: 5.537 GC heap before
{Heap before GC invocations=3 (full 1):
 PSYoungGen      total 305664K, used 131073K [0x00000000eab00000, 0x0000000100000000, 0x0000000100000000)
  eden space 262144K, 50% used [0x00000000eab00000,0x00000000f2b005e0,0x00000000fab00000)
  from space 43520K, 0% used [0x00000000fab00000,0x00000000fab00000,0x00000000fd580000)
  to   space 43520K, 0% used [0x00000000fd580000,0x00000000fd580000,0x0000000100000000)
 ParOldGen       total 699392K, used 15214K [0x00000000c0000000, 0x00000000eab00000, 0x00000000eab00000)
  object space 699392K, 2% used [0x00000000c0000000,0x00000000c0edb8f8,0x00000000eab00000)
 Metaspace       used 34985K, capacity 35350K, committed 35496K, reserved 1079296K
  class space    used 5892K, capacity 6022K, committed 6064K, reserved 1048576K
Event: 5.575 GC heap after
Heap after GC invocations=3 (full 1):
 PSYoungGen      total 305664K, used 40138K [0x00000000eab00000, 0x0000000100000000, 0x0000000100000000)
  eden space 262144K, 0% used [0x00000000eab00000,0x00000000eab00000,0x00000000fab00000)
  from space 43520K, 92% used [0x00000000fd580000,0x00000000ffcb29f0,0x0000000100000000)
  to   space 43520K, 0% used [0x00000000fab00000,0x00000000fab00000,0x00000000fd580000)
 ParOldGen       total 699392K, used 15222K [0x00000000c0000000, 0x00000000eab00000, 0x00000000eab00000)
  object space 699392K, 2% used [0x00000000c0000000,0x00000000c0edd8f8,0x00000000eab00000)
 Metaspace       used 34985K, capacity 35350K, committed 35496K, reserved 1079296K
  class space    used 5892K, capacity 6022K, committed 6064K, reserved 1048576K
}
Event: 5.575 GC heap before
{Heap before GC invocations=4 (full 2):
 PSYoungGen      total 305664K, used 40138K [0x00000000eab00000, 0x0000000100000000, 0x0000000100000000)
  eden space 262144K, 0% used [0x00000000eab00000,0x00000000eab00000,0x00000000fab00000)
  from space 43520K, 92% used [0x00000000fd580000,0x00000000ffcb29f0,0x0000000100000000)
  to   space 43520K, 0% used [0x00000000fab00000,0x00000000fab00000,0x00000000fd580000)
 ParOldGen       total 699392K, used 15222K [0x00000000c0000000, 0x00000000eab00000, 0x00000000eab00000)
  object space 699392K, 2% used [0x00000000c0000000,0x00000000c0edd8f8,0x00000000eab00000)
 Metaspace       used 34985K, capacity 35350K, committed 35496K, reserved 1079296K
  class space    used 5892K, capacity 6022K, committed 6064K, reserved 1048576K
Event: 5.961 GC heap after
Heap after GC invocations=4 (full 2):
 PSYoungGen      total 305664K, used 0K [0x00000000eab00000, 0x0000000100000000, 0x0000000100000000)
  eden space 262144K, 0% used [0x00000000eab00000,0x00000000eab00000,0x00000000fab00000)
  from space 43520K, 0% used [0x00000000fd580000,0x00000000fd580000,0x0000000100000000)
  to   space 43520K, 0% used [0x00000000fab00000,0x00000000fab00000,0x00000000fd580000)
 ParOldGen       total 699392K, used 42520K [0x00000000c0000000, 0x00000000eab00000, 0x00000000eab00000)
  object space 699392K, 6% used [0x00000000c0000000,0x00000000c29863c0,0x00000000eab00000)
 Metaspace       used 34985K, capacity 35350K, committed 35496K, reserved 1079296K
  class space    used 5892K, capacity 6022K, committed 6064K, reserved 1048576K
}

