# JRE version: Java(TM) SE Runtime Environment (8.0_111-b14) (build 1.8.0_111-b14)
# Java VM: Java HotSpot(TM) 64-Bit Server VM (25.111-b14 mixed mode linux-amd64 compressed oops)
Heap:
 PSYoungGen      total 287232K, used 137618K [0x00000000eab00000, 0x0000000100000000, 0x0000000100000000)
  eden space 223744K, 61% used [0x00000000eab00000,0x00000000f3164828,0x00000000f8580000)
  from space 63488K, 0% used [0x00000000fc200000,0x00000000fc200000,0x0000000100000000)
  to   space 61952K, 0% used [0x00000000f8580000,0x00000000f8580000,0x00000000fc200000)
 ParOldGen       total 699392K, used 26735K [0x00000000c0000000, 0x00000000eab00000, 0x00000000eab00000)
  object space 699392K, 3% used [0x00000000c0000000,0x00000000c1a1bd18,0x00000000eab00000)
 Metaspace       used 136625K, capacity 137584K, committed 138008K, reserved 1165312K
  class space    used 22396K, capacity 22702K, committed 22832K, reserved 1048576K
GC Heap History (10 events):
Event: 3019.656 GC heap before
{Heap before GC invocations=29 (full 13):
 PSYoungGen      total 278528K, used 207872K [0x00000000eab00000, 0x0000000100000000, 0x0000000100000000)
  eden space 207872K, 100% used [0x00000000eab00000,0x00000000f7600000,0x00000000f7600000)
  from space 70656K, 0% used [0x00000000f7600000,0x00000000f7600000,0x00000000fbb00000)
  to   space 69120K, 0% used [0x00000000fbc80000,0x00000000fbc80000,0x0000000100000000)
 ParOldGen       total 699392K, used 25714K [0x00000000c0000000, 0x00000000eab00000, 0x00000000eab00000)
  object space 699392K, 3% used [0x00000000c0000000,0x00000000c191cbf8,0x00000000eab00000)
 Metaspace       used 131771K, capacity 132662K, committed 133016K, reserved 1161216K
  class space    used 21599K, capacity 21894K, committed 21936K, reserved 1048576K
Event: 3025.237 GC heap after
Heap after GC invocations=29 (full 13):
 PSYoungGen      total 283136K, used 9304K [0x00000000eab00000, 0x0000000100000000, 0x0000000100000000)
  eden space 214016K, 0% used [0x00000000eab00000,0x00000000eab00000,0x00000000f7c00000)
  from space 69120K, 13% used [0x00000000fbc80000,0x00000000fc596360,0x0000000100000000)
  to   space 66048K, 0% used [0x00000000f7c00000,0x00000000f7c00000,0x00000000fbc80000)
 ParOldGen       total 699392K, used 25722K [0x00000000c0000000, 0x00000000eab00000, 0x00000000eab00000)
  object space 699392K, 3% used [0x00000000c0000000,0x00000000c191ebf8,0x00000000eab00000)
 Metaspace       used 131771K, capacity 132662K, committed 133016K, reserved 1161216K
  class space    used 21599K, capacity 21894K, committed 21936K, reserved 1048576K
}
Event: 3030.785 GC heap before
{Heap before GC invocations=30 (full 13):
 PSYoungGen      total 283136K, used 34984K [0x00000000eab00000, 0x0000000100000000, 0x0000000100000000)
  eden space 214016K, 11% used [0x00000000eab00000,0x00000000ec413d50,0x00000000f7c00000)
  from space 69120K, 13% used [0x00000000fbc80000,0x00000000fc596360,0x0000000100000000)
  to   space 66048K, 0% used [0x00000000f7c00000,0x00000000f7c00000,0x00000000fbc80000)
 ParOldGen       total 699392K, used 25722K [0x00000000c0000000, 0x00000000eab00000, 0x00000000eab00000)
  object space 699392K, 3% used [0x00000000c0000000,0x00000000c191ebf8,0x00000000eab00000)
 Metaspace       used 133020K, capacity 133878K, committed 134296K, reserved 1161216K
  class space    used 21785K, capacity 22086K, committed 22192K, reserved 1048576K
Event: 3030.832 GC heap after
Heap after GC invocations=30 (full 13):
 PSYoungGen      total 280064K, used 3546K [0x00000000eab00000, 0x0000000100000000, 0x0000000100000000)
  eden space 214016K, 0% used [0x00000000eab00000,0x00000000eab00000,0x00000000f7c00000)
  from space 66048K, 5% used [0x00000000f7c00000,0x00000000f7f76bc0,0x00000000fbc80000)
  to   space 63488K, 0% used [0x00000000fc200000,0x00000000fc200000,0x0000000100000000)
 ParOldGen       total 699392K, used 25730K [0x00000000c0000000, 0x00000000eab00000, 0x00000000eab00000)
  object space 699392K, 3% used [0x00000000c0000000,0x00000000c1920bf8,0x00000000eab00000)
 Metaspace       used 133020K, capacity 133878K, committed 134296K, reserved 1161216K
  class space    used 21785K, capacity 22086K, committed 22192K, reserved 1048576K
}
Event: 3030.832 GC heap before
{Heap before GC invocations=31 (full 14):
 PSYoungGen      total 280064K, used 3546K [0x00000000eab00000, 0x0000000100000000, 0x0000000100000000)
  eden space 214016K, 0% used [0x00000000eab00000,0x00000000eab00000,0x00000000f7c00000)
  from space 66048K, 5% used [0x00000000f7c00000,0x00000000f7f76bc0,0x00000000fbc80000)
  to   space 63488K, 0% used [0x00000000fc200000,0x00000000fc200000,0x0000000100000000)
 ParOldGen       total 699392K, used 25730K [0x00000000c0000000, 0x00000000eab00000, 0x00000000eab00000)
  object space 699392K, 3% used [0x00000000c0000000,0x00000000c1920bf8,0x00000000eab00000)
 Metaspace       used 133020K, capacity 133878K, committed 134296K, reserved 1161216K
  class space    used 21785K, capacity 22086K, committed 22192K, reserved 1048576K
Event: 3036.414 GC heap after
Heap after GC invocations=31 (full 14):
 PSYoungGen      total 280064K, used 0K [0x00000000eab00000, 0x0000000100000000, 0x0000000100000000)
  eden space 214016K, 0% used [0x00000000eab00000,0x00000000eab00000,0x00000000f7c00000)
  from space 66048K, 0% used [0x00000000f7c00000,0x00000000f7c00000,0x00000000fbc80000)
  to   space 63488K, 0% used [0x00000000fc200000,0x00000000fc200000,0x0000000100000000)
 ParOldGen       total 699392K, used 27854K [0x00000000c0000000, 0x00000000eab00000, 0x00000000eab00000)
  object space 699392K, 3% used [0x00000000c0000000,0x00000000c1b33ac0,0x00000000eab00000)
 Metaspace       used 132957K, capacity 133790K, committed 134296K, reserved 1161216K
  class space    used 21779K, capacity 22078K, committed 22192K, reserved 1048576K
}
Event: 3036.430 GC heap before
{Heap before GC invocations=32 (full 14):
 PSYoungGen      total 280064K, used 6250K [0x00000000eab00000, 0x0000000100000000, 0x0000000100000000)
  eden space 214016K, 2% used [0x00000000eab00000,0x00000000eb11a840,0x00000000f7c00000)
  from space 66048K, 0% used [0x00000000f7c00000,0x00000000f7c00000,0x00000000fbc80000)
  to   space 63488K, 0% used [0x00000000fc200000,0x00000000fc200000,0x0000000100000000)
 ParOldGen       total 699392K, used 27854K [0x00000000c0000000, 0x00000000eab00000, 0x00000000eab00000)
  object space 699392K, 3% used [0x00000000c0000000,0x00000000c1b33ac0,0x00000000eab00000)
 Metaspace       used 132957K, capacity 133790K, committed 134296K, reserved 1161216K
  class space    used 21779K, capacity 22078K, committed 22192K, reserved 1048576K
Event: 3036.434 GC heap after
Heap after GC invocations=32 (full 14):
 PSYoungGen      total 287232K, used 128K [0x00000000eab00000, 0x0000000100000000, 0x0000000100000000)
  eden space 223744K, 0% used [0x00000000eab00000,0x00000000eab00000,0x00000000f8580000)
  from space 63488K, 0% used [0x00000000fc200000,0x00000000fc220000,0x0000000100000000)
  to   space 61952K, 0% used [0x00000000f8580000,0x00000000f8580000,0x00000000fc200000)
 ParOldGen       total 699392K, used 27854K [0x00000000c0000000, 0x00000000eab00000, 0x00000000eab00000)
  object space 699392K, 3% used [0x00000000c0000000,0x00000000c1b33ac0,0x00000000eab00000)
 Metaspace       used 132957K, capacity 133790K, committed 134296K, reserved 1161216K
  class space    used 21779K, capacity 22078K, committed 22192K, reserved 1048576K
}
Event: 3036.434 GC heap before
{Heap before GC invocations=33 (full 15):
 PSYoungGen      total 287232K, used 128K [0x00000000eab00000, 0x0000000100000000, 0x0000000100000000)
  eden space 223744K, 0% used [0x00000000eab00000,0x00000000eab00000,0x00000000f8580000)
  from space 63488K, 0% used [0x00000000fc200000,0x00000000fc220000,0x0000000100000000)
  to   space 61952K, 0% used [0x00000000f8580000,0x00000000f8580000,0x00000000fc200000)
 ParOldGen       total 699392K, used 27854K [0x00000000c0000000, 0x00000000eab00000, 0x00000000eab00000)
  object space 699392K, 3% used [0x00000000c0000000,0x00000000c1b33ac0,0x00000000eab00000)
 Metaspace       used 132957K, capacity 133790K, committed 134296K, reserved 1161216K
  class space    used 21779K, capacity 22078K, committed 22192K, reserved 1048576K
Event: 3036.760 GC heap after
Heap after GC invocations=33 (full 15):
 PSYoungGen      total 287232K, used 0K [0x00000000eab00000, 0x0000000100000000, 0x0000000100000000)
  eden space 223744K, 0% used [0x00000000eab00000,0x00000000eab00000,0x00000000f8580000)
  from space 63488K, 0% used [0x00000000fc200000,0x00000000fc200000,0x0000000100000000)
  to   space 61952K, 0% used [0x00000000f8580000,0x00000000f8580000,0x00000000fc200000)
 ParOldGen       total 699392K, used 26735K [0x00000000c0000000, 0x00000000eab00000, 0x00000000eab00000)
  object space 699392K, 3% used [0x00000000c0000000,0x00000000c1a1bd18,0x00000000eab00000)
 Metaspace       used 132957K, capacity 133790K, committed 134296K, reserved 1161216K
  class space    used 21779K, capacity 22078K, committed 22192K, reserved 1048576K
}

